<?xml version="1.0" encoding="UTF-8"?>
<!-- Generated by org.testng.reporters.JUnitXMLReporter -->
<testsuite ignored="6" hostname="Padmanabhas-MacBook-Air.local" failures="2" tests="11" name="Test" time="0.143" errors="0" timestamp="2022-12-18T13:54:23 IST">
  <testcase classname="testcases.TestCase1" name="doUserReg" time="0.017"/>
  <testcase classname="testcases.TestCase1" name="doLogin" time="0.001"/>
  <testcase classname="testcases.TestCase2" name="validateTitles" time="0.006">
    <failure type="java.lang.AssertionError" message="expected:&amp;lt;Gmail.com&amp;gt; but was:&amp;lt;Yahoo.com&amp;gt;">
      <![CDATA[java.lang.AssertionError: expected:<Gmail.com> but was:<Yahoo.com>
at testcases.TestCase2.validateTitles(TestCase2.java:18)
at java.base/java.util.ArrayList.forEach(ArrayList.java:1511)
... Removed 27 stack frames]]>
    </failure>
  </testcase> <!-- validateTitles -->
  <testcase classname="testcases.TestCase3" name="doUserReg" time="0.002"/>
  <testcase classname="testcases.TestCase3" name="doLogin" time="0.002"/>
  <testcase classname="testcases.TestCase3" name="thirdTest" time="0.002"/>
  <testcase classname="testcases.TestCase3" name="fourthTest" time="0.004"/>
  <testcase classname="regression.TestCase2" name="validateTitles" time="0.002">
    <failure type="java.lang.AssertionError" message="expected:&amp;lt;Gmail.com&amp;gt; but was:&amp;lt;Yahoo.com&amp;gt;">
      <![CDATA[java.lang.AssertionError: expected:<Gmail.com> but was:<Yahoo.com>
at regression.TestCase2.validateTitles(TestCase2.java:18)
at java.base/java.util.ArrayList.forEach(ArrayList.java:1511)
... Removed 27 stack frames]]>
    </failure>
  </testcase> <!-- validateTitles -->
  <testcase classname="regression.TestCase1" name="doUserReg" time="0.001"/>
  <testcase classname="regression.TestCase1" name="doLogin" time="0.003"/>
  <testcase classname="testcases.TestSkip" name="isSkip" time="0.001">
    <skipped/>
  </testcase> <!-- isSkip -->
  <testcase classname="testcases.BaseTest" name="@BeforeSuite setUp" time="0.0">
    <ignored/>
  </testcase> <!-- @BeforeSuite setUp -->
  <testcase classname="testcases.BaseTest" name="@BeforeSuite setUp" time="0.0">
    <ignored/>
  </testcase> <!-- @BeforeSuite setUp -->
  <testcase classname="testcases.BaseTest" name="@AfterSuite tearDown" time="0.0">
    <ignored/>
  </testcase> <!-- @AfterSuite tearDown -->
  <testcase classname="testcases.BaseTest" name="@AfterSuite tearDown" time="0.0">
    <ignored/>
  </testcase> <!-- @AfterSuite tearDown -->
  <testcase classname="testcases.BaseTest" name="@AfterSuite tearDown" time="0.0">
    <ignored/>
  </testcase> <!-- @AfterSuite tearDown -->
  <testcase classname="testcases.BaseTest" name="@BeforeSuite setUp" time="0.0">
    <ignored/>
  </testcase> <!-- @BeforeSuite setUp -->
</testsuite> <!-- Test -->
