<?xml version="1.0" encoding="UTF-8"?>
<!-- Generated by org.testng.reporters.JUnitXMLReporter -->
<testsuite ignored="0" hostname="Padmanabhas-MacBook-Air.local" failures="0" tests="4" name="Dependency Test" time="0.041" errors="0" timestamp="2022-12-18T14:10:19 IST">
  <testcase classname="testcases.TestCase3" name="doUserReg" time="0.002"/>
  <testcase classname="testcases.TestCase3" name="doLogin" time="0.003"/>
  <testcase classname="testcases.TestCase3" name="thirdTest" time="0.003"/>
  <testcase classname="testcases.TestCase3" name="fourthTest" time="0.004"/>
</testsuite> <!-- Dependency Test -->
